Arguments: 
  C:\Program Files\nodejs\node.exe C:\Program Files (x86)\Yarn\bin\yarn.js start

PATH: 
  C:\Program Files\Git\mingw64\bin;C:\Program Files\Git\usr\bin;C:\Users\Minafra\bin;C:\Program Files (x86)\Common Files\Oracle\Java\javapath;C:\Program Files (x86)\iis express\PHP\v7.0;C:\ProgramData\Oracle\Java\javapath;C:\WINDOWS\system32;C:\WINDOWS;C:\WINDOWS\System32\Wbem;C:\WINDOWS\System32\WindowsPowerShell\v1.0;C:\Program Files\Microsoft SQL Server\130\Tools\Binn;C:\Program Files\dotnet;C:\Program Files\Microsoft\Web Platform Installer;C:\Users\Minafra\AppData\Local\Microsoft\WindowsApps;C:\WINDOWS\system32;C:\WINDOWS;C:\WINDOWS\System32\Wbem;C:\WINDOWS\System32\WindowsPowerShell\v1.0;C:\WINDOWS\System32\OpenSSH;C:\Program Files\Microsoft SQL Server\Client SDK\ODBC\170\Tools\Binn;C:\Program Files\nodejs;C:\Program Files (x86)\Yarn\bin;C:\Program Files\MongoDB\Server\4.2\bin;C:\Program Files (x86)\dotnet;C:\Program Files\Git\cmd;C:\Users\Minafra\AppData\Local\Microsoft\WindowsApps;C:\Users\Minafra\AppData\Local\Programs\Microsoft VS Code\bin;C:\Users\Minafra\.dotnet\tools;C:\Users\Minafra\AppData\Local\Microsoft\WindowsApps;C:\Users\Minafra\AppData\Roaming\npm;C:\Users\Minafra\AppData\Local\Yarn\bin;?C;C:\Program Files\Git\Program Files\MongoDB\Server\4.2\bin;C:\Program Files\heroku\bin;C:\Users\Minafra\.dotnet\tools

Yarn version: 
  1.22.4

Node version: 
  12.18.2

Platform: 
  win32 x64

Trace: 
  SyntaxError: E:\CursoWeb\WebModerno\exercicios-WEB\Angular\backend\package.json: Unexpected token . in JSON at position 100
      at JSON.parse (<anonymous>)
      at C:\Program Files (x86)\Yarn\lib\cli.js:1625:59
      at Generator.next (<anonymous>)
      at step (C:\Program Files (x86)\Yarn\lib\cli.js:310:30)
      at C:\Program Files (x86)\Yarn\lib\cli.js:321:13

npm manifest: 
  {
  	"name": "backend",
  	"version": "1.0.0",
  	"description": "",
  	"main": "index.js",
  	"scripts": {
  		."start": "json-server --watch db.json --port 3001"
  	},
  	"keywords": [],
  	"author": "",
  	"license": "ISC",
  	"dependencies": {
  		"jsonserver": "^0.1.6"
  	}
  }

yarn manifest: 
  No manifest

Lockfile: 
  No lockfile
